TN:
SF:src/controllers/admin.controller.ts
FN:10,(anonymous_0)
FN:14,(anonymous_1)
FN:44,(anonymous_2)
FNF:3
FNH:0
FNDA:0,(anonymous_0)
FNDA:0,(anonymous_1)
FNDA:0,(anonymous_2)
DA:2,0
DA:3,0
DA:4,0
DA:7,0
DA:11,0
DA:14,0
DA:15,0
DA:16,0
DA:18,0
DA:24,0
DA:26,0
DA:27,0
DA:32,0
DA:34,0
DA:39,0
DA:44,0
DA:45,0
DA:46,0
DA:47,0
DA:49,0
DA:50,0
DA:53,0
DA:55,0
DA:61,0
DA:63,0
DA:64,0
DA:69,0
DA:71,0
DA:76,0
LF:29
LH:0
BRDA:26,0,0,0
BRDA:26,0,1,0
BRDA:49,1,0,0
BRDA:63,2,0,0
BRDA:63,2,1,0
BRF:5
BRH:0
end_of_record
TN:
SF:src/controllers/chat.controller.ts
FN:10,(anonymous_0)
FN:15,(anonymous_1)
FN:66,(anonymous_2)
FN:111,(anonymous_3)
FN:144,(anonymous_4)
FN:179,(anonymous_5)
FN:222,(anonymous_6)
FN:257,(anonymous_7)
FN:294,(anonymous_8)
FN:331,(anonymous_9)
FN:371,(anonymous_10)
FN:406,(anonymous_11)
FN:449,(anonymous_12)
FN:474,(anonymous_13)
FN:509,(anonymous_14)
FNF:15
FNH:12
FNDA:3,(anonymous_0)
FNDA:9,(anonymous_1)
FNDA:9,(anonymous_2)
FNDA:3,(anonymous_3)
FNDA:0,(anonymous_4)
FNDA:4,(anonymous_5)
FNDA:2,(anonymous_6)
FNDA:0,(anonymous_7)
FNDA:0,(anonymous_8)
FNDA:2,(anonymous_9)
FNDA:1,(anonymous_10)
FNDA:2,(anonymous_11)
FNDA:2,(anonymous_12)
FNDA:1,(anonymous_13)
FNDA:2,(anonymous_14)
DA:2,3
DA:4,3
DA:7,3
DA:11,3
DA:15,3
DA:16,9
DA:17,9
DA:18,9
DA:19,0
DA:24,0
DA:27,9
DA:35,9
DA:36,1
DA:41,1
DA:44,8
DA:45,1
DA:50,1
DA:53,7
DA:55,5
DA:61,2
DA:66,3
DA:67,9
DA:68,9
DA:69,9
DA:70,0
DA:75,0
DA:78,9
DA:89,9
DA:90,1
DA:95,1
DA:98,8
DA:100,7
DA:106,1
DA:111,3
DA:112,3
DA:113,3
DA:114,3
DA:115,0
DA:120,0
DA:123,3
DA:124,3
DA:126,3
DA:128,3
DA:139,0
DA:144,3
DA:145,0
DA:146,0
DA:147,0
DA:148,0
DA:153,0
DA:156,0
DA:157,0
DA:158,0
DA:163,0
DA:166,0
DA:168,0
DA:174,0
DA:179,3
DA:180,4
DA:181,4
DA:182,4
DA:183,0
DA:188,0
DA:191,4
DA:192,4
DA:193,0
DA:198,0
DA:201,4
DA:202,4
DA:204,4
DA:206,4
DA:217,0
DA:222,3
DA:223,2
DA:224,2
DA:225,2
DA:226,0
DA:231,0
DA:234,2
DA:235,2
DA:236,0
DA:241,0
DA:244,2
DA:246,2
DA:252,0
DA:257,3
DA:258,0
DA:259,0
DA:260,0
DA:261,0
DA:266,0
DA:269,0
DA:270,0
DA:272,0
DA:273,0
DA:278,0
DA:281,0
DA:283,0
DA:289,0
DA:294,3
DA:295,0
DA:296,0
DA:297,0
DA:298,0
DA:303,0
DA:306,0
DA:307,0
DA:309,0
DA:310,0
DA:315,0
DA:318,0
DA:320,0
DA:326,0
DA:331,3
DA:332,2
DA:333,2
DA:334,2
DA:335,0
DA:340,0
DA:343,2
DA:344,2
DA:345,0
DA:350,0
DA:353,2
DA:358,2
DA:360,1
DA:366,1
DA:371,3
DA:372,1
DA:373,1
DA:374,1
DA:375,0
DA:380,0
DA:383,1
DA:384,1
DA:385,0
DA:390,0
DA:393,1
DA:395,1
DA:401,0
DA:406,3
DA:407,2
DA:408,2
DA:409,2
DA:410,0
DA:415,0
DA:418,2
DA:419,2
DA:421,2
DA:422,1
DA:427,1
DA:430,1
DA:432,1
DA:434,1
DA:444,0
DA:449,3
DA:450,2
DA:451,2
DA:452,2
DA:453,0
DA:458,0
DA:461,2
DA:463,2
DA:469,0
DA:474,3
DA:475,1
DA:476,1
DA:477,1
DA:478,0
DA:483,0
DA:486,1
DA:487,1
DA:488,0
DA:493,0
DA:496,1
DA:498,1
DA:504,0
DA:509,3
DA:510,2
DA:511,2
DA:512,2
DA:513,0
DA:518,0
DA:521,2
DA:522,2
DA:524,2
DA:525,1
DA:530,1
DA:533,1
DA:535,1
DA:541,0
LF:191
LH:113
BRDA:18,0,0,0
BRDA:28,1,0,9
BRDA:28,1,1,0
BRDA:29,2,0,9
BRDA:29,2,1,0
BRDA:35,3,0,1
BRDA:35,4,0,9
BRDA:35,4,1,9
BRDA:44,5,0,1
BRDA:44,6,0,8
BRDA:44,6,1,3
BRDA:69,7,0,0
BRDA:81,8,0,9
BRDA:81,8,1,2
BRDA:89,9,0,1
BRDA:89,10,0,9
BRDA:89,10,1,8
BRDA:114,11,0,0
BRDA:123,12,0,3
BRDA:123,12,1,2
BRDA:124,13,0,3
BRDA:124,13,1,2
BRDA:147,14,0,0
BRDA:157,15,0,0
BRDA:182,16,0,0
BRDA:192,17,0,0
BRDA:201,18,0,4
BRDA:201,18,1,4
BRDA:202,19,0,4
BRDA:202,19,1,4
BRDA:225,20,0,0
BRDA:235,21,0,0
BRDA:260,22,0,0
BRDA:272,23,0,0
BRDA:272,24,0,0
BRDA:272,24,1,0
BRDA:297,25,0,0
BRDA:309,26,0,0
BRDA:309,27,0,0
BRDA:309,27,1,0
BRDA:334,28,0,0
BRDA:344,29,0,0
BRDA:374,30,0,0
BRDA:384,31,0,0
BRDA:409,32,0,0
BRDA:421,33,0,1
BRDA:421,34,0,2
BRDA:421,34,1,2
BRDA:430,35,0,1
BRDA:430,35,1,0
BRDA:452,36,0,0
BRDA:477,37,0,0
BRDA:487,38,0,0
BRDA:512,39,0,0
BRDA:524,40,0,1
BRDA:524,41,0,2
BRDA:524,41,1,2
BRF:57
BRH:28
end_of_record
TN:
SF:src/controllers/journey.controller.ts
FN:10,(anonymous_0)
FN:14,(anonymous_1)
FN:36,(anonymous_2)
FN:53,(anonymous_3)
FN:74,(anonymous_4)
FN:91,(anonymous_5)
FN:114,(anonymous_6)
FN:136,(anonymous_7)
FN:153,(anonymous_8)
FN:175,(anonymous_9)
FN:192,(anonymous_10)
FNF:11
FNH:11
FNDA:3,(anonymous_0)
FNDA:8,(anonymous_1)
FNDA:5,(anonymous_2)
FNDA:2,(anonymous_3)
FNDA:1,(anonymous_4)
FNDA:6,(anonymous_5)
FNDA:4,(anonymous_6)
FNDA:3,(anonymous_7)
FNDA:2,(anonymous_8)
FNDA:2,(anonymous_9)
FNDA:14,(anonymous_10)
DA:2,3
DA:4,3
DA:7,3
DA:11,3
DA:14,3
DA:15,8
DA:16,8
DA:17,8
DA:18,0
DA:21,8
DA:22,8
DA:24,5
DA:30,5
DA:32,3
DA:36,3
DA:37,5
DA:38,5
DA:39,5
DA:41,1
DA:47,1
DA:49,4
DA:53,3
DA:54,2
DA:55,2
DA:56,2
DA:57,0
DA:60,2
DA:62,2
DA:68,2
DA:70,0
DA:74,3
DA:75,1
DA:76,1
DA:77,1
DA:79,1
DA:85,1
DA:87,0
DA:91,3
DA:92,6
DA:93,6
DA:94,6
DA:95,0
DA:98,6
DA:99,6
DA:100,6
DA:102,2
DA:108,2
DA:110,4
DA:114,3
DA:115,4
DA:116,4
DA:117,4
DA:118,0
DA:121,4
DA:122,4
DA:124,2
DA:130,2
DA:132,2
DA:136,3
DA:137,3
DA:138,3
DA:139,3
DA:141,2
DA:147,2
DA:149,1
DA:153,3
DA:154,2
DA:155,2
DA:156,2
DA:157,0
DA:160,2
DA:161,2
DA:163,2
DA:169,2
DA:171,0
DA:175,3
DA:176,2
DA:177,2
DA:178,2
DA:180,2
DA:186,2
DA:188,0
DA:193,14
DA:194,14
DA:199,14
DA:201,0
DA:202,0
DA:207,0
LF:88
LH:76
BRDA:17,0,0,0
BRDA:56,1,0,0
BRDA:94,2,0,0
BRDA:117,3,0,0
BRDA:156,4,0,0
BRDA:193,5,0,14
BRDA:193,5,1,0
BRF:7
BRH:1
end_of_record
TN:
SF:src/controllers/user.controller.ts
FN:10,(anonymous_0)
FN:14,(anonymous_1)
FN:46,(anonymous_2)
FN:78,(anonymous_3)
FN:113,(anonymous_4)
FNF:5
FNH:5
FNDA:3,(anonymous_0)
FNDA:54,(anonymous_1)
FNDA:4,(anonymous_2)
FNDA:6,(anonymous_3)
FNDA:4,(anonymous_4)
DA:2,3
DA:4,3
DA:7,3
DA:11,3
DA:14,3
DA:15,54
DA:16,54
DA:17,54
DA:18,54
DA:20,51
DA:26,51
DA:28,3
DA:29,2
DA:34,2
DA:36,1
DA:41,1
DA:46,3
DA:47,4
DA:48,4
DA:49,4
DA:50,4
DA:52,2
DA:58,2
DA:60,2
DA:61,2
DA:66,2
DA:68,0
DA:73,0
DA:78,3
DA:79,6
DA:80,6
DA:81,6
DA:82,0
DA:85,6
DA:87,5
DA:93,5
DA:95,1
DA:96,1
DA:101,1
DA:103,0
DA:108,0
DA:113,3
DA:114,4
DA:115,4
DA:116,4
DA:117,0
DA:120,4
DA:121,4
DA:123,2
DA:129,2
DA:131,2
DA:132,2
DA:137,2
DA:139,0
DA:144,0
LF:55
LH:47
BRDA:28,0,0,2
BRDA:28,0,1,1
BRDA:60,1,0,2
BRDA:60,1,1,0
BRDA:81,2,0,0
BRDA:95,3,0,1
BRDA:95,3,1,0
BRDA:116,4,0,0
BRDA:131,5,0,2
BRDA:131,5,1,0
BRF:10
BRH:5
end_of_record
TN:
SF:src/controllers/userMatchingPreferences.controller.ts
FN:11,(anonymous_0)
FN:15,(anonymous_1)
FN:51,(anonymous_2)
FN:87,(anonymous_3)
FN:122,(anonymous_4)
FNF:5
FNH:0
FNDA:0,(anonymous_0)
FNDA:0,(anonymous_1)
FNDA:0,(anonymous_2)
FNDA:0,(anonymous_3)
FNDA:0,(anonymous_4)
DA:2,0
DA:4,0
DA:8,0
DA:12,0
DA:15,0
DA:16,0
DA:17,0
DA:18,0
DA:19,0
DA:22,0
DA:23,0
DA:25,0
DA:31,0
DA:33,0
DA:34,0
DA:39,0
DA:41,0
DA:46,0
DA:51,0
DA:52,0
DA:53,0
DA:54,0
DA:55,0
DA:58,0
DA:59,0
DA:61,0
DA:67,0
DA:69,0
DA:70,0
DA:75,0
DA:77,0
DA:82,0
DA:87,0
DA:88,0
DA:89,0
DA:90,0
DA:91,0
DA:94,0
DA:96,0
DA:102,0
DA:104,0
DA:105,0
DA:110,0
DA:112,0
DA:117,0
DA:122,0
DA:123,0
DA:124,0
DA:125,0
DA:126,0
DA:129,0
DA:131,0
DA:137,0
DA:139,0
DA:140,0
DA:145,0
DA:147,0
DA:152,0
LF:58
LH:0
BRDA:18,0,0,0
BRDA:33,1,0,0
BRDA:33,1,1,0
BRDA:54,2,0,0
BRDA:69,3,0,0
BRDA:69,3,1,0
BRDA:90,4,0,0
BRDA:104,5,0,0
BRDA:104,5,1,0
BRDA:125,6,0,0
BRDA:139,7,0,0
BRDA:139,7,1,0
BRF:12
BRH:0
end_of_record
TN:
SF:src/middleware/auth.ts
FN:7,(anonymous_1)
FN:34,(anonymous_2)
FN:35,(anonymous_3)
FNF:3
FNH:1
FNDA:50,(anonymous_1)
FNDA:0,(anonymous_2)
FNDA:0,(anonymous_3)
DA:2,3
DA:3,3
DA:4,3
DA:7,3
DA:8,50
DA:9,50
DA:11,50
DA:12,6
DA:15,44
DA:16,41
DA:17,41
DA:19,40
DA:20,1
DA:23,39
DA:24,39
DA:26,11
DA:27,3
DA:29,8
DA:34,3
DA:35,0
DA:36,0
DA:37,0
DA:40,0
DA:41,0
DA:44,0
LF:25
LH:19
BRDA:9,0,0,50
BRDA:9,0,1,7
BRDA:11,1,0,6
BRDA:15,2,0,44
BRDA:15,2,1,0
BRDA:19,3,0,1
BRDA:26,4,0,3
BRDA:26,4,1,8
BRDA:36,5,0,0
BRDA:40,6,0,0
BRF:10
BRH:7
end_of_record
TN:
SF:src/middleware/validation.ts
FN:4,(anonymous_0)
FN:27,(anonymous_1)
FNF:2
FNH:2
FNDA:53,(anonymous_0)
FNDA:2,(anonymous_1)
DA:2,2
DA:4,2
DA:5,53
DA:6,52
DA:8,52
DA:9,52
DA:10,52
DA:12,52
DA:13,1
DA:16,51
DA:17,0
DA:20,51
DA:21,0
DA:24,51
DA:27,2
DA:28,2
DA:29,2
DA:30,2
DA:31,2
DA:33,2
DA:34,2
DA:36,2
DA:37,0
DA:40,2
LF:24
LH:21
BRDA:8,0,0,1
BRDA:9,1,0,0
BRDA:10,2,0,0
BRDA:12,3,0,1
BRDA:16,4,0,0
BRDA:20,5,0,0
BRDA:33,6,0,0
BRDA:34,7,0,0
BRDA:36,8,0,0
BRF:9
BRH:2
end_of_record
TN:
SF:src/models/Chat.ts
FN:108,(anonymous_9)
FN:117,(anonymous_10)
FN:118,(anonymous_11)
FN:122,(anonymous_12)
FN:124,(anonymous_13)
FN:128,(anonymous_14)
FNF:6
FNH:1
FNDA:24,(anonymous_9)
FNDA:0,(anonymous_10)
FNDA:0,(anonymous_11)
FNDA:0,(anonymous_12)
FNDA:0,(anonymous_13)
FNDA:0,(anonymous_14)
DA:1,8
DA:2,8
DA:4,8
DA:63,8
DA:64,8
DA:65,8
DA:68,8
DA:79,8
DA:87,8
DA:95,8
DA:104,8
DA:105,8
DA:108,8
DA:109,24
DA:111,22
DA:113,24
DA:117,8
DA:118,0
DA:122,8
DA:123,0
DA:124,0
DA:128,8
DA:129,0
DA:136,8
DA:138,8
LF:25
LH:21
BRDA:109,0,0,22
BRDA:109,1,0,24
BRDA:109,1,1,22
BRDA:109,1,2,22
BRDA:123,2,0,0
BRDA:124,3,0,0
BRDA:124,3,1,0
BRF:7
BRH:4
end_of_record
TN:
SF:src/models/Journey.ts
FNF:0
FNH:0
DA:1,5
DA:3,5
DA:47,5
DA:49,5
LF:4
LH:4
BRF:0
BRH:0
end_of_record
TN:
SF:src/models/Message.ts
FNF:0
FNH:0
DA:1,8
DA:2,8
DA:4,8
DA:68,8
DA:69,8
DA:70,8
DA:73,8
DA:82,8
DA:91,8
DA:100,8
DA:101,8
DA:103,8
DA:105,8
LF:13
LH:13
BRF:0
BRH:0
end_of_record
TN:
SF:src/models/User.ts
FNF:0
FNH:0
DA:1,11
DA:2,11
DA:5,11
DA:60,11
DA:62,11
LF:5
LH:5
BRF:0
BRH:0
end_of_record
TN:
SF:src/models/UserMatchingPreferences.ts
FNF:0
FNH:0
DA:1,11
DA:4,11
DA:59,11
DA:60,11
DA:61,11
DA:64,11
DA:66,11
LF:7
LH:7
BRF:0
BRH:0
end_of_record
TN:
SF:src/repositories/chat.repository.ts
FN:5,(anonymous_1)
FN:10,(anonymous_2)
FN:17,(anonymous_3)
FN:25,(anonymous_4)
FN:40,(anonymous_5)
FN:51,(anonymous_6)
FN:62,(anonymous_7)
FN:73,(anonymous_8)
FN:84,(anonymous_9)
FN:95,(anonymous_10)
FN:106,(anonymous_11)
FN:118,(anonymous_12)
FN:129,(anonymous_13)
FN:136,(anonymous_14)
FN:151,(anonymous_15)
FNF:15
FNH:10
FNDA:26,(anonymous_1)
FNDA:36,(anonymous_2)
FNDA:5,(anonymous_3)
FNDA:9,(anonymous_4)
FNDA:13,(anonymous_5)
FNDA:3,(anonymous_6)
FNDA:2,(anonymous_7)
FNDA:0,(anonymous_8)
FNDA:0,(anonymous_9)
FNDA:5,(anonymous_10)
FNDA:4,(anonymous_11)
FNDA:0,(anonymous_12)
FNDA:0,(anonymous_13)
FNDA:0,(anonymous_14)
FNDA:39,(anonymous_15)
DA:1,8
DA:2,8
DA:4,8
DA:6,26
DA:7,26
DA:11,36
DA:18,5
DA:26,9
DA:28,9
DA:41,13
DA:52,3
DA:63,2
DA:74,0
DA:85,0
DA:96,5
DA:107,4
DA:119,0
DA:130,0
DA:137,0
DA:152,39
LF:20
LH:15
BRDA:25,0,0,7
BRDA:25,1,0,7
BRF:2
BRH:2
end_of_record
TN:
SF:src/repositories/journey.repository.ts
FN:5,(anonymous_1)
FN:13,(anonymous_2)
FN:17,(anonymous_3)
FN:21,(anonymous_4)
FN:47,(anonymous_5)
FN:55,(anonymous_6)
FN:60,(anonymous_7)
FN:65,(anonymous_8)
FN:72,(anonymous_9)
FN:83,(anonymous_10)
FN:98,(anonymous_11)
FNF:11
FNH:10
FNDA:13,(anonymous_1)
FNDA:4,(anonymous_2)
FNDA:3,(anonymous_3)
FNDA:3,(anonymous_4)
FNDA:5,(anonymous_5)
FNDA:4,(anonymous_6)
FNDA:0,(anonymous_7)
FNDA:2,(anonymous_8)
FNDA:3,(anonymous_9)
FNDA:6,(anonymous_10)
FNDA:38,(anonymous_11)
DA:2,5
DA:4,5
DA:6,13
DA:10,13
DA:14,4
DA:18,3
DA:22,3
DA:24,3
DA:25,2
DA:28,3
DA:29,0
DA:32,3
DA:33,0
DA:36,3
DA:37,0
DA:40,3
DA:41,0
DA:44,3
DA:48,5
DA:56,4
DA:57,4
DA:61,0
DA:62,0
DA:66,2
DA:73,3
DA:84,6
DA:86,6
DA:87,4
DA:90,6
DA:91,4
DA:94,6
DA:99,38
LF:32
LH:26
BRDA:21,0,0,1
BRDA:24,1,0,2
BRDA:28,2,0,0
BRDA:32,3,0,0
BRDA:36,4,0,0
BRDA:40,5,0,0
BRDA:62,6,0,0
BRDA:62,6,1,0
BRDA:83,7,0,1
BRDA:86,8,0,4
BRDA:90,9,0,4
BRF:11
BRH:5
end_of_record
TN:
SF:src/repositories/message.repository.ts
FN:5,(anonymous_1)
FN:10,(anonymous_2)
FN:17,(anonymous_3)
FN:33,(anonymous_4)
FN:49,(anonymous_5)
FN:65,(anonymous_6)
FN:76,(anonymous_7)
FN:96,(anonymous_8)
FN:127,(anonymous_9)
FN:136,(anonymous_10)
FN:144,(anonymous_11)
FN:159,(anonymous_12)
FN:180,(anonymous_13)
FN:185,(anonymous_14)
FN:196,(anonymous_15)
FN:202,(anonymous_16)
FN:206,(anonymous_17)
FN:214,(anonymous_18)
FN:218,(anonymous_19)
FN:231,(anonymous_20)
FN:242,(anonymous_21)
FNF:21
FNH:14
FNDA:33,(anonymous_1)
FNDA:8,(anonymous_2)
FNDA:8,(anonymous_3)
FNDA:0,(anonymous_4)
FNDA:0,(anonymous_5)
FNDA:1,(anonymous_6)
FNDA:3,(anonymous_7)
FNDA:2,(anonymous_8)
FNDA:4,(anonymous_9)
FNDA:2,(anonymous_10)
FNDA:2,(anonymous_11)
FNDA:0,(anonymous_12)
FNDA:0,(anonymous_13)
FNDA:1,(anonymous_14)
FNDA:0,(anonymous_15)
FNDA:0,(anonymous_16)
FNDA:0,(anonymous_17)
FNDA:39,(anonymous_18)
FNDA:1,(anonymous_19)
FNDA:1,(anonymous_20)
FNDA:1,(anonymous_21)
DA:1,8
DA:2,8
DA:4,8
DA:6,33
DA:7,33
DA:11,8
DA:22,8
DA:24,8
DA:38,0
DA:54,0
DA:69,1
DA:80,3
DA:101,2
DA:108,2
DA:109,0
DA:112,2
DA:128,4
DA:137,2
DA:149,2
DA:164,0
DA:166,0
DA:181,0
DA:182,0
DA:189,1
DA:197,0
DA:203,0
DA:207,0
DA:215,39
DA:219,1
DA:232,1
DA:249,1
DA:257,1
DA:258,1
DA:260,1
LF:34
LH:24
BRDA:19,0,0,2
BRDA:20,1,0,2
BRDA:36,2,0,0
BRDA:52,3,0,0
BRDA:108,4,0,0
BRDA:147,5,0,2
BRDA:161,6,0,0
BRDA:162,7,0,0
BRF:8
BRH:3
end_of_record
TN:
SF:src/repositories/user.repository.ts
FN:6,(anonymous_1)
FN:11,(anonymous_2)
FN:15,(anonymous_3)
FN:19,(anonymous_4)
FN:23,(anonymous_5)
FN:27,(anonymous_6)
FN:32,(anonymous_7)
FN:36,(anonymous_8)
FN:51,(anonymous_9)
FN:55,(anonymous_10)
FN:63,(anonymous_11)
FN:67,(anonymous_12)
FNF:12
FNH:10
FNDA:107,(anonymous_1)
FNDA:54,(anonymous_2)
FNDA:68,(anonymous_3)
FNDA:2,(anonymous_4)
FNDA:2,(anonymous_5)
FNDA:1,(anonymous_6)
FNDA:0,(anonymous_7)
FNDA:0,(anonymous_8)
FNDA:39,(anonymous_9)
FNDA:4,(anonymous_10)
FNDA:2,(anonymous_11)
FNDA:1,(anonymous_12)
DA:2,11
DA:3,11
DA:5,11
DA:7,107
DA:8,107
DA:12,54
DA:16,68
DA:20,2
DA:24,2
DA:28,1
DA:29,1
DA:33,0
DA:37,0
DA:43,0
DA:44,0
DA:47,0
DA:52,39
DA:56,4
DA:57,4
DA:64,2
DA:68,1
LF:21
LH:16
BRDA:43,0,0,0
BRDA:55,1,0,0
BRDA:55,2,0,0
BRDA:55,3,0,2
BRDA:63,4,0,1
BRF:5
BRH:2
end_of_record
TN:
SF:src/repositories/userMatchingPreferences.repository.ts
FN:7,(anonymous_1)
FN:39,(anonymous_2)
FN:58,(anonymous_3)
FN:68,(anonymous_4)
FNF:4
FNH:0
FNDA:0,(anonymous_1)
FNDA:0,(anonymous_2)
FNDA:0,(anonymous_3)
FNDA:0,(anonymous_4)
DA:2,0
DA:3,0
DA:6,0
DA:8,0
DA:10,0
DA:11,0
DA:12,0
DA:16,0
DA:28,0
DA:32,0
DA:34,0
DA:35,0
DA:40,0
DA:41,0
DA:47,0
DA:48,0
DA:51,0
DA:53,0
DA:54,0
DA:59,0
DA:60,0
DA:62,0
DA:64,0
DA:69,0
DA:70,0
DA:71,0
DA:73,0
LF:27
LH:0
BRDA:11,0,0,0
BRDA:34,1,0,0
BRDA:47,2,0,0
BRDA:53,3,0,0
BRF:4
BRH:0
end_of_record
TN:
SF:src/routes/admin.routes.ts
FNF:0
FNH:0
DA:1,0
DA:2,0
DA:3,0
DA:4,0
DA:5,0
DA:7,0
DA:8,0
DA:11,0
DA:19,0
DA:26,0
LF:10
LH:0
BRF:0
BRH:0
end_of_record
TN:
SF:src/routes/chat.routes.ts
FNF:0
FNH:0
DA:1,2
DA:2,2
DA:3,2
DA:5,2
DA:6,2
DA:9,2
DA:12,2
DA:13,2
DA:14,2
DA:15,2
DA:16,2
DA:19,2
DA:20,2
DA:21,2
DA:22,2
DA:23,2
DA:24,2
DA:27,2
DA:28,2
DA:31,2
DA:33,2
LF:21
LH:21
BRF:0
BRH:0
end_of_record
TN:
SF:src/routes/journey.routes.ts
FNF:0
FNH:0
DA:1,2
DA:2,2
DA:3,2
DA:5,2
DA:6,2
DA:9,2
DA:10,2
DA:11,2
DA:12,2
DA:13,2
DA:14,2
DA:17,2
DA:18,2
DA:19,2
DA:21,2
LF:15
LH:15
BRF:0
BRH:0
end_of_record
TN:
SF:src/routes/user.routes.ts
FNF:0
FNH:0
DA:1,2
DA:2,2
DA:3,2
DA:4,2
DA:6,2
DA:7,2
DA:9,2
DA:10,2
DA:11,2
DA:12,2
DA:14,2
LF:11
LH:11
BRF:0
BRH:0
end_of_record
TN:
SF:src/routes/userMatchingPreferences.routes.ts
FNF:0
FNH:0
DA:1,0
DA:2,0
DA:3,0
DA:5,0
DA:6,0
DA:9,0
DA:12,0
DA:15,0
DA:18,0
DA:21,0
DA:23,0
LF:11
LH:0
BRF:0
BRH:0
end_of_record
TN:
SF:src/services/chat.service.ts
FN:21,(anonymous_0)
FN:27,(anonymous_1)
FN:73,(anonymous_2)
FN:92,(anonymous_3)
FN:122,(anonymous_4)
FN:145,(anonymous_5)
FN:151,(anonymous_6)
FN:157,(anonymous_7)
FN:175,(anonymous_8)
FN:192,(anonymous_9)
FN:210,(anonymous_10)
FN:248,(anonymous_11)
FN:275,(anonymous_12)
FN:308,(anonymous_13)
FN:326,(anonymous_14)
FN:349,(anonymous_15)
FN:357,(anonymous_16)
FN:375,(anonymous_17)
FNF:18
FNH:14
FNDA:23,(anonymous_0)
FNDA:9,(anonymous_1)
FNDA:10,(anonymous_2)
FNDA:7,(anonymous_3)
FNDA:5,(anonymous_4)
FNDA:1,(anonymous_5)
FNDA:1,(anonymous_6)
FNDA:1,(anonymous_7)
FNDA:0,(anonymous_8)
FNDA:1,(anonymous_9)
FNDA:4,(anonymous_10)
FNDA:0,(anonymous_11)
FNDA:2,(anonymous_12)
FNDA:0,(anonymous_13)
FNDA:0,(anonymous_14)
FNDA:1,(anonymous_15)
FNDA:3,(anonymous_16)
FNDA:3,(anonymous_17)
DA:1,4
DA:2,4
DA:3,4
DA:4,4
DA:14,4
DA:16,4
DA:22,23
DA:23,23
DA:24,23
DA:28,9
DA:30,9
DA:31,9
DA:33,9
DA:34,1
DA:38,8
DA:39,16
DA:40,16
DA:41,2
DA:46,6
DA:47,4
DA:52,4
DA:53,1
DA:58,5
DA:67,5
DA:69,3
DA:74,10
DA:76,10
DA:77,10
DA:78,1
DA:81,9
DA:82,1
DA:85,8
DA:86,1
DA:90,7
DA:91,7
DA:92,7
DA:96,7
DA:109,7
DA:116,7
DA:118,3
DA:128,5
DA:130,5
DA:131,5
DA:132,0
DA:135,5
DA:136,1
DA:139,4
DA:141,1
DA:146,1
DA:147,1
DA:150,1
DA:152,1
DA:155,1
DA:156,1
DA:157,1
DA:158,1
DA:161,1
DA:169,1
DA:171,0
DA:176,0
DA:177,0
DA:178,0
DA:179,0
DA:182,0
DA:183,0
DA:186,0
DA:188,0
DA:193,1
DA:195,1
DA:196,1
DA:197,0
DA:200,1
DA:201,0
DA:204,1
DA:206,0
DA:211,4
DA:212,4
DA:213,4
DA:214,0
DA:218,4
DA:219,1
DA:222,3
DA:223,1
DA:227,2
DA:228,2
DA:229,0
DA:233,2
DA:234,1
DA:237,1
DA:238,1
DA:239,0
DA:242,1
DA:244,3
DA:249,0
DA:250,0
DA:251,0
DA:252,0
DA:256,0
DA:257,0
DA:258,0
DA:261,0
DA:264,0
DA:265,0
DA:266,0
DA:269,0
DA:271,0
DA:276,2
DA:277,2
DA:278,2
DA:279,0
DA:283,2
DA:284,1
DA:287,1
DA:288,0
DA:292,1
DA:297,1
DA:298,1
DA:299,0
DA:302,1
DA:304,1
DA:309,0
DA:310,0
DA:311,0
DA:312,0
DA:316,0
DA:317,0
DA:320,0
DA:322,0
DA:332,0
DA:334,0
DA:335,0
DA:336,0
DA:339,0
DA:340,0
DA:343,0
DA:345,0
DA:350,1
DA:351,1
DA:353,0
DA:358,3
DA:359,3
DA:360,3
DA:361,1
DA:365,2
DA:366,1
DA:369,1
DA:371,2
DA:376,3
DA:377,3
DA:378,3
DA:379,0
DA:383,3
DA:384,1
DA:388,2
DA:389,1
DA:392,1
DA:393,1
DA:394,0
DA:397,1
DA:399,2
LF:160
LH:109
BRDA:33,0,0,1
BRDA:40,1,0,2
BRDA:46,2,0,4
BRDA:46,3,0,6
BRDA:46,3,1,4
BRDA:52,4,0,1
BRDA:63,5,0,2
BRDA:63,5,1,3
BRDA:67,6,0,5
BRDA:67,6,1,0
BRDA:77,7,0,1
BRDA:81,8,0,1
BRDA:85,9,0,1
BRDA:91,10,0,6
BRDA:91,11,0,7
BRDA:91,11,1,6
BRDA:116,12,0,7
BRDA:116,12,1,0
BRDA:125,13,0,1
BRDA:126,14,0,1
BRDA:131,15,0,0
BRDA:135,16,0,1
BRDA:145,17,0,0
BRDA:145,18,0,0
BRDA:156,19,0,1
BRDA:156,20,0,1
BRDA:156,20,1,1
BRDA:158,21,0,1
BRDA:158,21,1,0
BRDA:178,22,0,0
BRDA:182,23,0,0
BRDA:196,24,0,0
BRDA:200,25,0,0
BRDA:213,26,0,0
BRDA:218,27,0,1
BRDA:222,28,0,1
BRDA:228,29,0,0
BRDA:233,30,0,1
BRDA:238,31,0,0
BRDA:251,32,0,0
BRDA:256,33,0,0
BRDA:256,33,1,0
BRDA:257,34,0,0
BRDA:257,35,0,0
BRDA:257,35,1,0
BRDA:265,36,0,0
BRDA:278,37,0,0
BRDA:283,38,0,1
BRDA:283,39,0,2
BRDA:283,39,1,2
BRDA:287,40,0,0
BRDA:298,41,0,0
BRDA:311,42,0,0
BRDA:316,43,0,0
BRDA:316,44,0,0
BRDA:316,44,1,0
BRDA:330,45,0,0
BRDA:335,46,0,0
BRDA:339,47,0,0
BRDA:360,48,0,1
BRDA:365,49,0,1
BRDA:378,50,0,0
BRDA:383,51,0,1
BRDA:388,52,0,1
BRDA:393,53,0,0
BRF:65
BRH:33
end_of_record
TN:
SF:src/services/journey.service.ts
FN:8,(anonymous_0)
FN:12,(anonymous_1)
FN:23,(anonymous_2)
FN:47,(anonymous_3)
FN:55,(anonymous_4)
FN:63,(anonymous_5)
FN:77,(anonymous_6)
FN:88,(anonymous_7)
FN:97,(anonymous_8)
FN:106,(anonymous_9)
FN:130,(anonymous_10)
FN:154,(anonymous_11)
FN:181,(anonymous_12)
FNF:13
FNH:13
FNDA:30,(anonymous_0)
FNDA:12,(anonymous_1)
FNDA:5,(anonymous_2)
FNDA:2,(anonymous_3)
FNDA:2,(anonymous_4)
FNDA:11,(anonymous_5)
FNDA:4,(anonymous_6)
FNDA:3,(anonymous_7)
FNDA:3,(anonymous_8)
FNDA:3,(anonymous_9)
FNDA:15,(anonymous_10)
FNDA:11,(anonymous_11)
FNDA:17,(anonymous_12)
DA:1,4
DA:2,4
DA:3,4
DA:5,4
DA:9,30
DA:13,12
DA:14,12
DA:16,5
DA:17,5
DA:19,7
DA:24,5
DA:26,5
DA:27,3
DA:30,2
DA:31,2
DA:32,2
DA:34,0
DA:36,5
DA:37,5
DA:40,0
DA:41,0
DA:43,0
DA:48,2
DA:49,2
DA:51,0
DA:56,2
DA:57,2
DA:59,0
DA:64,11
DA:65,11
DA:67,5
DA:68,5
DA:69,3
DA:71,2
DA:73,9
DA:78,4
DA:79,4
DA:80,4
DA:81,2
DA:84,2
DA:89,3
DA:90,3
DA:91,1
DA:93,2
DA:98,3
DA:99,3
DA:100,2
DA:102,1
DA:107,3
DA:108,3
DA:109,3
DA:111,3
DA:117,3
DA:126,0
DA:131,15
DA:132,2
DA:135,13
DA:137,11
DA:138,1
DA:141,10
DA:142,1
DA:145,9
DA:146,1
DA:149,8
DA:150,1
DA:155,11
DA:156,1
DA:159,10
DA:160,1
DA:163,9
DA:164,1
DA:167,8
DA:168,1
DA:171,7
DA:172,1
DA:175,6
DA:177,1
DA:182,17
DA:183,17
DA:184,5
LF:80
LH:73
BRDA:26,0,0,3
BRDA:31,1,0,2
BRDA:36,2,0,5
BRDA:40,3,0,0
BRDA:55,4,0,1
BRDA:68,5,0,3
BRDA:80,6,0,2
BRDA:108,7,0,2
BRDA:108,7,1,1
BRDA:131,8,0,2
BRDA:131,9,0,15
BRDA:131,9,1,15
BRDA:131,9,2,13
BRDA:131,9,3,13
BRDA:137,10,0,1
BRDA:141,11,0,1
BRDA:145,12,0,1
BRDA:149,13,0,1
BRDA:155,14,0,1
BRDA:159,15,0,1
BRDA:163,16,0,1
BRDA:163,17,0,9
BRDA:163,17,1,1
BRDA:167,18,0,1
BRDA:167,19,0,8
BRDA:167,19,1,4
BRDA:171,20,0,1
BRDA:171,21,0,7
BRDA:171,21,1,7
BRDA:175,22,0,1
BRDA:175,23,0,6
BRDA:175,23,1,3
BRDA:175,23,2,3
BRDA:183,24,0,5
BRF:34
BRH:33
end_of_record
TN:
SF:src/services/socket.service.ts
FN:34,(anonymous_1)
FN:53,(anonymous_2)
FN:55,(anonymous_3)
FN:79,(anonymous_4)
FN:80,(anonymous_5)
FN:99,(anonymous_6)
FN:125,(anonymous_7)
FN:138,(anonymous_8)
FN:201,(anonymous_9)
FN:214,(anonymous_10)
FN:228,(anonymous_11)
FN:245,(anonymous_12)
FN:265,(anonymous_13)
FN:266,(anonymous_14)
FN:272,(anonymous_15)
FN:283,(anonymous_16)
FN:288,(anonymous_17)
FN:300,(anonymous_18)
FN:307,(anonymous_19)
FN:321,(anonymous_20)
FN:326,(anonymous_21)
FN:342,(anonymous_22)
FN:346,(anonymous_23)
FN:350,(anonymous_24)
FN:354,(anonymous_25)
FNF:25
FNH:23
FNDA:21,(anonymous_1)
FNDA:21,(anonymous_2)
FNDA:5,(anonymous_3)
FNDA:21,(anonymous_4)
FNDA:8,(anonymous_5)
FNDA:2,(anonymous_6)
FNDA:1,(anonymous_7)
FNDA:1,(anonymous_8)
FNDA:1,(anonymous_9)
FNDA:1,(anonymous_10)
FNDA:1,(anonymous_11)
FNDA:1,(anonymous_12)
FNDA:0,(anonymous_13)
FNDA:0,(anonymous_14)
FNDA:1,(anonymous_15)
FNDA:10,(anonymous_16)
FNDA:2,(anonymous_17)
FNDA:2,(anonymous_18)
FNDA:3,(anonymous_19)
FNDA:2,(anonymous_20)
FNDA:3,(anonymous_21)
FNDA:1,(anonymous_22)
FNDA:1,(anonymous_23)
FNDA:1,(anonymous_24)
FNDA:2,(anonymous_25)
DA:2,1
DA:3,1
DA:4,1
DA:5,1
DA:6,1
DA:27,1
DA:29,21
DA:36,21
DA:37,21
DA:45,21
DA:46,21
DA:47,21
DA:49,21
DA:50,21
DA:55,21
DA:56,5
DA:57,5
DA:59,5
DA:60,1
DA:63,4
DA:64,3
DA:66,3
DA:67,1
DA:70,2
DA:71,2
DA:72,2
DA:74,1
DA:80,21
DA:81,8
DA:84,8
DA:85,8
DA:92,8
DA:95,8
DA:99,8
DA:100,2
DA:101,2
DA:104,2
DA:105,2
DA:106,1
DA:107,1
DA:110,1
DA:111,1
DA:114,1
DA:120,0
DA:125,8
DA:126,1
DA:127,1
DA:130,1
DA:138,8
DA:147,1
DA:148,1
DA:151,1
DA:164,1
DA:172,1
DA:174,1
DA:175,1
DA:190,1
DA:193,1
DA:196,0
DA:201,8
DA:202,1
DA:204,1
DA:211,1
DA:214,8
DA:215,1
DA:217,1
DA:224,1
DA:228,8
DA:229,1
DA:230,1
DA:232,1
DA:239,1
DA:241,0
DA:245,8
DA:246,1
DA:247,1
DA:249,1
DA:251,1
DA:258,1
DA:260,0
DA:265,8
DA:266,0
DA:267,0
DA:272,8
DA:273,1
DA:275,1
DA:276,1
DA:277,1
DA:284,10
DA:286,10
DA:288,10
DA:289,2
DA:296,9
DA:301,2
DA:302,2
DA:303,1
DA:305,1
DA:307,1
DA:308,3
DA:309,3
DA:310,2
DA:314,1
DA:316,1
DA:317,1
DA:322,2
DA:323,2
DA:324,2
DA:326,1
DA:327,3
DA:332,1
DA:333,1
DA:337,0
DA:343,1
DA:347,1
DA:351,1
DA:355,2
LF:116
LH:109
BRDA:39,0,0,21
BRDA:39,0,1,0
BRDA:57,1,0,5
BRDA:57,1,1,2
BRDA:59,2,0,1
BRDA:63,3,0,4
BRDA:63,3,1,0
BRDA:66,4,0,1
BRDA:84,5,0,8
BRDA:101,6,0,0
BRDA:105,7,0,1
BRDA:105,8,0,2
BRDA:105,8,1,2
BRDA:148,9,0,0
BRDA:174,10,0,1
BRDA:202,11,0,0
BRDA:202,12,0,1
BRDA:202,12,1,1
BRDA:215,13,0,0
BRDA:215,14,0,1
BRDA:215,14,1,1
BRDA:247,15,0,0
BRDA:275,16,0,1
BRDA:303,17,0,0
BRDA:309,18,0,2
BRDA:324,19,0,1
BRDA:327,20,0,3
BRDA:327,20,1,2
BRDA:332,21,0,1
BRF:29
BRH:21
end_of_record
TN:
SF:src/services/user.service.ts
FN:10,(anonymous_1)
FN:14,(anonymous_2)
FN:44,(anonymous_3)
FN:70,(anonymous_4)
FN:78,(anonymous_5)
FN:83,(anonymous_6)
FN:96,(anonymous_7)
FN:129,(anonymous_8)
FN:142,(anonymous_9)
FNF:9
FNH:9
FNDA:13,(anonymous_1)
FNDA:53,(anonymous_2)
FNDA:5,(anonymous_3)
FNDA:53,(anonymous_4)
FNDA:60,(anonymous_5)
FNDA:6,(anonymous_6)
FNDA:6,(anonymous_7)
FNDA:5,(anonymous_8)
FNDA:7,(anonymous_9)
DA:1,4
DA:3,4
DA:4,4
DA:5,4
DA:7,4
DA:11,13
DA:15,53
DA:17,53
DA:18,53
DA:19,2
DA:23,51
DA:24,51
DA:25,51
DA:27,51
DA:33,51
DA:35,51
DA:40,2
DA:45,5
DA:47,5
DA:48,5
DA:49,1
DA:53,4
DA:54,4
DA:55,2
DA:59,2
DA:61,2
DA:66,3
DA:71,53
DA:79,60
DA:80,60
DA:84,6
DA:85,6
DA:86,6
DA:87,1
DA:90,5
DA:92,1
DA:97,6
DA:99,6
DA:100,6
DA:101,1
DA:105,5
DA:108,5
DA:109,5
DA:113,2
DA:114,2
DA:115,0
DA:119,2
DA:120,2
DA:123,2
DA:125,4
DA:131,5
DA:132,4
DA:133,4
DA:135,2
DA:140,3
DA:141,2
DA:142,7
DA:143,2
DA:144,0
DA:149,3
DA:150,3
DA:153,1
DA:158,2
DA:160,0
DA:164,2
DA:166,0
DA:170,2
DA:172,0
DA:176,2
DA:178,0
DA:182,2
DA:184,0
LF:72
LH:65
BRDA:18,0,0,2
BRDA:48,1,0,1
BRDA:53,2,0,4
BRDA:53,2,1,0
BRDA:54,3,0,2
BRDA:73,4,0,53
BRDA:73,4,1,0
BRDA:86,5,0,1
BRDA:100,6,0,1
BRDA:108,7,0,5
BRDA:114,8,0,0
BRDA:119,9,0,2
BRDA:131,10,0,4
BRDA:133,11,0,2
BRDA:133,12,0,4
BRDA:133,12,1,2
BRDA:140,13,0,2
BRDA:143,14,0,0
BRDA:149,15,0,3
BRDA:150,16,0,1
BRDA:150,17,0,3
BRDA:150,17,1,3
BRDA:150,17,2,3
BRDA:158,18,0,0
BRDA:158,19,0,2
BRDA:158,19,1,2
BRDA:158,19,2,2
BRDA:164,20,0,0
BRDA:164,21,0,2
BRDA:164,21,1,2
BRDA:170,22,0,0
BRDA:170,23,0,2
BRDA:170,23,1,2
BRDA:176,24,0,0
BRDA:176,25,0,2
BRDA:176,25,1,2
BRDA:182,26,0,0
BRDA:182,27,0,2
BRDA:182,27,1,2
BRF:39
BRH:30
end_of_record
TN:
SF:src/services/userMatchingPreferences.service.ts
FN:8,(anonymous_0)
FN:12,(anonymous_1)
FN:21,(anonymous_2)
FN:32,(anonymous_3)
FN:44,(anonymous_4)
FN:56,(anonymous_5)
FN:69,(anonymous_6)
FNF:7
FNH:0
FNDA:0,(anonymous_0)
FNDA:0,(anonymous_1)
FNDA:0,(anonymous_2)
FNDA:0,(anonymous_3)
FNDA:0,(anonymous_4)
FNDA:0,(anonymous_5)
FNDA:0,(anonymous_6)
DA:2,0
DA:3,0
DA:5,0
DA:9,0
DA:13,0
DA:14,0
DA:15,0
DA:17,0
DA:22,0
DA:23,0
DA:24,0
DA:26,0
DA:28,0
DA:33,0
DA:34,0
DA:35,0
DA:36,0
DA:38,0
DA:40,0
DA:45,0
DA:46,0
DA:47,0
DA:48,0
DA:50,0
DA:52,0
DA:58,0
DA:59,0
DA:60,0
DA:62,0
DA:67,0
DA:68,0
DA:69,0
DA:70,0
DA:71,0
DA:76,0
DA:77,0
DA:80,0
DA:85,0
DA:87,0
DA:91,0
DA:93,0
DA:97,0
DA:99,0
DA:103,0
DA:105,0
DA:109,0
DA:111,0
LF:47
LH:0
BRDA:23,0,0,0
BRDA:35,1,0,0
BRDA:47,2,0,0
BRDA:58,3,0,0
BRDA:60,4,0,0
BRDA:60,5,0,0
BRDA:60,5,1,0
BRDA:67,6,0,0
BRDA:70,7,0,0
BRDA:76,8,0,0
BRDA:77,9,0,0
BRDA:77,10,0,0
BRDA:77,10,1,0
BRDA:77,10,2,0
BRDA:85,11,0,0
BRDA:85,12,0,0
BRDA:85,12,1,0
BRDA:85,12,2,0
BRDA:91,13,0,0
BRDA:91,14,0,0
BRDA:91,14,1,0
BRDA:97,15,0,0
BRDA:97,16,0,0
BRDA:97,16,1,0
BRDA:103,17,0,0
BRDA:103,18,0,0
BRDA:103,18,1,0
BRDA:109,19,0,0
BRDA:109,20,0,0
BRDA:109,20,1,0
BRF:30
BRH:0
end_of_record
TN:
SF:src/types/chat.types.ts
FN:1,(anonymous_0)
FN:8,(anonymous_1)
FN:14,(anonymous_2)
FNF:3
FNH:3
FNDA:16,(anonymous_0)
FNDA:16,(anonymous_1)
FNDA:16,(anonymous_2)
DA:1,16
DA:2,16
DA:3,16
DA:4,16
DA:5,16
DA:8,16
DA:9,16
DA:10,16
DA:11,16
DA:14,16
DA:15,16
DA:16,16
LF:12
LH:12
BRDA:1,0,0,16
BRDA:1,0,1,16
BRDA:8,1,0,16
BRDA:8,1,1,16
BRDA:14,2,0,16
BRDA:14,2,1,16
BRF:6
BRH:6
end_of_record
TN:
SF:src/types/journey.types.ts
FN:3,(anonymous_0)
FNF:1
FNH:1
FNDA:6,(anonymous_0)
DA:3,6
DA:4,6
DA:5,6
DA:6,6
LF:4
LH:4
BRDA:3,0,0,6
BRDA:3,0,1,6
BRF:2
BRH:2
end_of_record
TN:
SF:src/types/user.types.ts
FN:3,(anonymous_0)
FNF:1
FNH:1
FNDA:13,(anonymous_0)
DA:3,13
DA:4,13
DA:5,13
DA:6,13
LF:4
LH:4
BRDA:3,0,0,13
BRDA:3,0,1,13
BRF:2
BRH:2
end_of_record
TN:
SF:src/utils/appError.ts
FN:4,(anonymous_0)
FNF:1
FNH:1
FNDA:112,(anonymous_0)
DA:1,12
DA:5,112
DA:6,112
DA:7,112
LF:4
LH:4
BRF:0
BRH:0
end_of_record
